# Logfile created on 2014-11-29 16:46:38 +0530 by logger.rb/44203
I, [2014-11-29T16:46:38.826817 #11325]  INFO -- : 0:  rake (10.4.0) from /home/abhilash/.rvm/gems/ruby-2.1.0/specifications/rake-10.4.0.gemspec
I, [2014-11-29T16:46:38.827296 #11325]  INFO -- : 0:  i18n (0.6.11) from /home/abhilash/.rvm/gems/ruby-2.1.0/specifications/i18n-0.6.11.gemspec
I, [2014-11-29T16:46:38.827679 #11325]  INFO -- : 0:  multi_json (1.10.1) from /home/abhilash/.rvm/gems/ruby-2.1.0/specifications/multi_json-1.10.1.gemspec
I, [2014-11-29T16:46:38.828048 #11325]  INFO -- : 0:  activesupport (3.2.19) from /home/abhilash/.rvm/gems/ruby-2.1.0/specifications/activesupport-3.2.19.gemspec
I, [2014-11-29T16:46:38.828420 #11325]  INFO -- : 0:  builder (3.0.4) from /home/abhilash/.rvm/gems/ruby-2.1.0/specifications/builder-3.0.4.gemspec
I, [2014-11-29T16:46:38.828800 #11325]  INFO -- : 0:  activemodel (3.2.19) from /home/abhilash/.rvm/gems/ruby-2.1.0/specifications/activemodel-3.2.19.gemspec
I, [2014-11-29T16:46:38.829193 #11325]  INFO -- : 0:  erubis (2.7.0) from /home/abhilash/.rvm/gems/ruby-2.1.0/specifications/erubis-2.7.0.gemspec
I, [2014-11-29T16:46:38.829578 #11325]  INFO -- : 0:  journey (1.0.4) from /home/abhilash/.rvm/gems/ruby-2.1.0/specifications/journey-1.0.4.gemspec
I, [2014-11-29T16:46:38.833570 #11325]  INFO -- : 0:  rack (1.4.5) from /home/abhilash/.rvm/gems/ruby-2.1.0/specifications/rack-1.4.5.gemspec
I, [2014-11-29T16:46:38.834051 #11325]  INFO -- : 0:  rack-cache (1.2) from /home/abhilash/.rvm/gems/ruby-2.1.0/specifications/rack-cache-1.2.gemspec
I, [2014-11-29T16:46:38.834387 #11325]  INFO -- : 0:  rack-test (0.6.2) from /home/abhilash/.rvm/gems/ruby-2.1.0/specifications/rack-test-0.6.2.gemspec
I, [2014-11-29T16:46:38.834805 #11325]  INFO -- : 0:  hike (1.2.3) from /home/abhilash/.rvm/gems/ruby-2.1.0/specifications/hike-1.2.3.gemspec
I, [2014-11-29T16:46:38.835206 #11325]  INFO -- : 0:  tilt (1.4.1) from /home/abhilash/.rvm/gems/ruby-2.1.0/specifications/tilt-1.4.1.gemspec
I, [2014-11-29T16:46:38.835542 #11325]  INFO -- : 0:  sprockets (2.2.3) from /home/abhilash/.rvm/gems/ruby-2.1.0/specifications/sprockets-2.2.3.gemspec
I, [2014-11-29T16:46:38.835915 #11325]  INFO -- : 0:  actionpack (3.2.19) from /home/abhilash/.rvm/gems/ruby-2.1.0/specifications/actionpack-3.2.19.gemspec
I, [2014-11-29T16:46:38.836255 #11325]  INFO -- : 0:  mime-types (1.25.1) from /home/abhilash/.rvm/gems/ruby-2.1.0/specifications/mime-types-1.25.1.gemspec
I, [2014-11-29T16:46:38.836676 #11325]  INFO -- : 0:  polyglot (0.3.5) from /home/abhilash/.rvm/gems/ruby-2.1.0/specifications/polyglot-0.3.5.gemspec
I, [2014-11-29T16:46:38.837138 #11325]  INFO -- : 0:  treetop (1.4.15) from /home/abhilash/.rvm/gems/ruby-2.1.0/specifications/treetop-1.4.15.gemspec
I, [2014-11-29T16:46:38.837502 #11325]  INFO -- : 0:  mail (2.5.4) from /home/abhilash/.rvm/gems/ruby-2.1.0/specifications/mail-2.5.4.gemspec
I, [2014-11-29T16:46:38.837820 #11325]  INFO -- : 0:  actionmailer (3.2.19) from /home/abhilash/.rvm/gems/ruby-2.1.0/specifications/actionmailer-3.2.19.gemspec
I, [2014-11-29T16:46:38.838168 #11325]  INFO -- : 0:  arel (3.0.3) from /home/abhilash/.rvm/gems/ruby-2.1.0/specifications/arel-3.0.3.gemspec
I, [2014-11-29T16:46:38.838477 #11325]  INFO -- : 0:  tzinfo (0.3.42) from /home/abhilash/.rvm/gems/ruby-2.1.0/specifications/tzinfo-0.3.42.gemspec
I, [2014-11-29T16:46:38.838823 #11325]  INFO -- : 0:  activerecord (3.2.19) from /home/abhilash/.rvm/gems/ruby-2.1.0/specifications/activerecord-3.2.19.gemspec
I, [2014-11-29T16:46:38.839147 #11325]  INFO -- : 0:  activeresource (3.2.19) from /home/abhilash/.rvm/gems/ruby-2.1.0/specifications/activeresource-3.2.19.gemspec
I, [2014-11-29T16:46:38.839449 #11325]  INFO -- : 0:  sass (3.4.9) from /home/abhilash/.rvm/gems/ruby-2.1.0/specifications/sass-3.4.9.gemspec
I, [2014-11-29T16:46:38.839778 #11325]  INFO -- : 0:  thor (0.19.1) from /home/abhilash/.rvm/gems/ruby-2.1.0/specifications/thor-0.19.1.gemspec
I, [2014-11-29T16:46:38.840149 #11325]  INFO -- : 0:  bourbon (4.0.2) from /home/abhilash/.rvm/gems/ruby-2.1.0/specifications/bourbon-4.0.2.gemspec
I, [2014-11-29T16:46:38.840597 #11325]  INFO -- : 0:  mini_portile (0.6.1) from /home/abhilash/.rvm/gems/ruby-2.1.0/specifications/mini_portile-0.6.1.gemspec
I, [2014-11-29T16:46:38.840978 #11325]  INFO -- : 0:  nokogiri (1.6.5) from /home/abhilash/.rvm/gems/ruby-2.1.0/specifications/nokogiri-1.6.5.gemspec
I, [2014-11-29T16:46:38.841329 #11325]  INFO -- : 0:  xpath (2.0.0) from /home/abhilash/.rvm/gems/ruby-2.1.0/specifications/xpath-2.0.0.gemspec
I, [2014-11-29T16:46:38.841630 #11325]  INFO -- : 0:  capybara (2.1.0) from /home/abhilash/.rvm/gems/ruby-2.1.0/specifications/capybara-2.1.0.gemspec
I, [2014-11-29T16:46:38.842017 #11325]  INFO -- : 0:  ffi (1.9.6) from /home/abhilash/.rvm/gems/ruby-2.1.0/specifications/ffi-1.9.6.gemspec
I, [2014-11-29T16:46:38.842317 #11325]  INFO -- : 0:  childprocess (0.5.5) from /home/abhilash/.rvm/gems/ruby-2.1.0/specifications/childprocess-0.5.5.gemspec
I, [2014-11-29T16:46:38.842696 #11325]  INFO -- : 0:  coderay (1.1.0) from /home/abhilash/.rvm/gems/ruby-2.1.0/specifications/coderay-1.1.0.gemspec
I, [2014-11-29T16:46:38.842992 #11325]  INFO -- : 0:  database_cleaner (1.3.0) from /home/abhilash/.rvm/gems/ruby-2.1.0/specifications/database_cleaner-1.3.0.gemspec
I, [2014-11-29T16:46:38.843348 #11325]  INFO -- : 0:  diff-lcs (1.2.5) from /home/abhilash/.rvm/gems/ruby-2.1.0/specifications/diff-lcs-1.2.5.gemspec
I, [2014-11-29T16:46:38.843650 #11325]  INFO -- : 0:  multipart-post (1.2.0) from /home/abhilash/.rvm/gems/ruby-2.1.0/specifications/multipart-post-1.2.0.gemspec
I, [2014-11-29T16:46:38.843997 #11325]  INFO -- : 0:  faraday (0.8.9) from /home/abhilash/.rvm/gems/ruby-2.1.0/specifications/faraday-0.8.9.gemspec
I, [2014-11-29T16:46:38.844292 #11325]  INFO -- : 0:  faraday_middleware (0.9.1) from /home/abhilash/.rvm/gems/ruby-2.1.0/specifications/faraday_middleware-0.9.1.gemspec
I, [2014-11-29T16:46:38.844669 #11325]  INFO -- : 0:  rspec-support (3.1.2) from /home/abhilash/.rvm/gems/ruby-2.1.0/specifications/rspec-support-3.1.2.gemspec
I, [2014-11-29T16:46:38.844973 #11325]  INFO -- : 0:  rspec-core (3.1.7) from /home/abhilash/.rvm/gems/ruby-2.1.0/specifications/rspec-core-3.1.7.gemspec
I, [2014-11-29T16:46:38.845516 #11325]  INFO -- : 0:  rspec-expectations (3.1.2) from /home/abhilash/.rvm/gems/ruby-2.1.0/specifications/rspec-expectations-3.1.2.gemspec
I, [2014-11-29T16:46:38.845864 #11325]  INFO -- : 0:  rspec-mocks (3.1.3) from /home/abhilash/.rvm/gems/ruby-2.1.0/specifications/rspec-mocks-3.1.3.gemspec
I, [2014-11-29T16:46:38.846170 #11325]  INFO -- : 0:  rspec (3.1.0) from /home/abhilash/.rvm/gems/ruby-2.1.0/specifications/rspec-3.1.0.gemspec
I, [2014-11-29T16:46:38.846495 #11325]  INFO -- : 0:  ruby-progressbar (1.7.0) from /home/abhilash/.rvm/gems/ruby-2.1.0/specifications/ruby-progressbar-1.7.0.gemspec
I, [2014-11-29T16:46:38.846810 #11325]  INFO -- : 0:  fuubar (2.0.0) from /home/abhilash/.rvm/gems/ruby-2.1.0/specifications/fuubar-2.0.0.gemspec
I, [2014-11-29T16:46:38.847169 #11325]  INFO -- : 0:  hashie (1.2.0) from /home/abhilash/.rvm/gems/ruby-2.1.0/specifications/hashie-1.2.0.gemspec
I, [2014-11-29T16:46:38.847470 #11325]  INFO -- : 0:  headless (1.0.2) from /home/abhilash/.rvm/gems/ruby-2.1.0/specifications/headless-1.0.2.gemspec
I, [2014-11-29T16:46:38.847795 #11325]  INFO -- : 0:  icalendar (2.2.0) from /home/abhilash/.rvm/gems/ruby-2.1.0/specifications/icalendar-2.2.0.gemspec
I, [2014-11-29T16:46:38.848148 #11325]  INFO -- : 0:  inifile (3.0.0) from /home/abhilash/.rvm/gems/ruby-2.1.0/specifications/inifile-3.0.0.gemspec
I, [2014-11-29T16:46:38.848551 #11325]  INFO -- : 0:  rack-ssl (1.3.4) from /home/abhilash/.rvm/gems/ruby-2.1.0/specifications/rack-ssl-1.3.4.gemspec
I, [2014-11-29T16:46:40.220632 #11325]  INFO -- : 0:  json (1.8.1) from /home/abhilash/.rvm/gems/ruby-2.1.0/specifications/json-1.8.1.gemspec
I, [2014-11-29T16:46:40.221213 #11325]  INFO -- : 0:  rdoc (3.12.2) from /home/abhilash/.rvm/gems/ruby-2.1.0/specifications/rdoc-3.12.2.gemspec
I, [2014-11-29T16:46:40.221653 #11325]  INFO -- : 0:  railties (3.2.19) from /home/abhilash/.rvm/gems/ruby-2.1.0/specifications/railties-3.2.19.gemspec
I, [2014-11-29T16:46:40.222003 #11325]  INFO -- : 0:  jquery-rails (3.1.2) from /home/abhilash/.rvm/gems/ruby-2.1.0/specifications/jquery-rails-3.1.2.gemspec
I, [2014-11-29T16:46:40.222425 #11325]  INFO -- : 0:  metaclass (0.0.4) from /home/abhilash/.rvm/gems/ruby-2.1.0/specifications/metaclass-0.0.4.gemspec
I, [2014-11-29T16:46:40.222777 #11325]  INFO -- : 0:  method_source (0.8.2) from /home/abhilash/.rvm/gems/ruby-2.1.0/specifications/method_source-0.8.2.gemspec
I, [2014-11-29T16:46:40.223142 #11325]  INFO -- : 0:  mocha (1.0.0) from /home/abhilash/.rvm/gems/ruby-2.1.0/specifications/mocha-1.0.0.gemspec
I, [2014-11-29T16:46:40.223599 #11325]  INFO -- : 0:  net-ldap (0.3.1) from /home/abhilash/.rvm/gems/ruby-2.1.0/specifications/net-ldap-0.3.1.gemspec
I, [2014-11-29T16:46:40.223906 #11325]  INFO -- : 0:  pg (0.17.1) from /home/abhilash/.rvm/gems/ruby-2.1.0/specifications/pg-0.17.1.gemspec
I, [2014-11-29T16:46:40.224306 #11325]  INFO -- : 0:  power_assert (0.2.2) from /home/abhilash/.rvm/gems/ruby-2.1.0/specifications/power_assert-0.2.2.gemspec
I, [2014-11-29T16:46:40.224611 #11325]  INFO -- : 0:  slop (3.6.0) from /home/abhilash/.rvm/gems/ruby-2.1.0/specifications/slop-3.6.0.gemspec
I, [2014-11-29T16:46:40.224974 #11325]  INFO -- : 0:  pry (0.10.1) from /home/abhilash/.rvm/gems/ruby-2.1.0/specifications/pry-0.10.1.gemspec
I, [2014-11-29T16:46:40.225275 #11325]  INFO -- : 0:  pry-nav (0.2.4) from /home/abhilash/.rvm/gems/ruby-2.1.0/specifications/pry-nav-0.2.4.gemspec
I, [2014-11-29T16:46:40.225574 #11325]  INFO -- : 0:  ruby-openid (2.3.0) from /home/abhilash/.rvm/gems/ruby-2.1.0/specifications/ruby-openid-2.3.0.gemspec
I, [2014-11-29T16:46:40.225958 #11325]  INFO -- : 0:  rack-openid (1.4.2) from /home/abhilash/.rvm/gems/ruby-2.1.0/specifications/rack-openid-1.4.2.gemspec
I, [2014-11-29T16:46:40.226250 #11325]  INFO -- : 0:  bundler (1.5.0) from /home/abhilash/.rvm/gems/ruby-2.1.0@global/specifications/bundler-1.5.0.gemspec
I, [2014-11-29T16:46:40.226627 #11325]  INFO -- : 0:  rails (3.2.19) from /home/abhilash/.rvm/gems/ruby-2.1.0/specifications/rails-3.2.19.gemspec
I, [2014-11-29T16:46:40.226938 #11325]  INFO -- : 0:  rbpdf (1.18.2) from /home/abhilash/.rvm/gems/ruby-2.1.0/specifications/rbpdf-1.18.2.gemspec
I, [2014-11-29T16:46:40.227235 #11325]  INFO -- : 0:  redcarpet (2.3.0) from /home/abhilash/.rvm/gems/ruby-2.1.0/specifications/redcarpet-2.3.0.gemspec
I, [2014-11-29T16:46:40.227571 #11325]  INFO -- : 0:  request_store (1.0.5) from /home/abhilash/.rvm/gems/ruby-2.1.0/specifications/request_store-1.0.5.gemspec
I, [2014-11-29T16:46:40.227866 #11325]  INFO -- : 0:  rmagick (2.13.4) from /home/abhilash/.rvm/gems/ruby-2.1.0/specifications/rmagick-2.13.4.gemspec
I, [2014-11-29T16:46:40.228252 #11325]  INFO -- : 0:  rspec-rails (3.1.0) from /home/abhilash/.rvm/gems/ruby-2.1.0/specifications/rspec-rails-3.1.0.gemspec
I, [2014-11-29T16:46:40.228551 #11325]  INFO -- : 0:  rubyzip (1.1.6) from /home/abhilash/.rvm/gems/ruby-2.1.0/specifications/rubyzip-1.1.6.gemspec
I, [2014-11-29T16:46:40.228959 #11325]  INFO -- : 0:  websocket (1.2.1) from /home/abhilash/.rvm/gems/ruby-2.1.0/specifications/websocket-1.2.1.gemspec
I, [2014-11-29T16:46:40.229255 #11325]  INFO -- : 0:  selenium-webdriver (2.44.0) from /home/abhilash/.rvm/gems/ruby-2.1.0/specifications/selenium-webdriver-2.44.0.gemspec
I, [2014-11-29T16:46:40.229661 #11325]  INFO -- : 0:  shoulda-context (1.0.2) from /home/abhilash/.rvm/gems/ruby-2.1.0/specifications/shoulda-context-1.0.2.gemspec
I, [2014-11-29T16:46:40.229969 #11325]  INFO -- : 0:  shoulda-matchers (1.4.1) from /home/abhilash/.rvm/gems/ruby-2.1.0/specifications/shoulda-matchers-1.4.1.gemspec
I, [2014-11-29T16:46:40.230540 #11325]  INFO -- : 0:  shoulda (3.3.2) from /home/abhilash/.rvm/gems/ruby-2.1.0/specifications/shoulda-3.3.2.gemspec
I, [2014-11-29T16:46:40.230850 #11325]  INFO -- : 0:  temple (0.6.10) from /home/abhilash/.rvm/gems/ruby-2.1.0/specifications/temple-0.6.10.gemspec
I, [2014-11-29T16:46:40.231174 #11325]  INFO -- : 0:  slim (2.1.0) from /home/abhilash/.rvm/gems/ruby-2.1.0/specifications/slim-2.1.0.gemspec
I, [2014-11-29T16:46:40.231562 #11325]  INFO -- : 0:  test-unit (3.0.7) from /home/abhilash/.rvm/gems/ruby-2.1.0/specifications/test-unit-3.0.7.gemspec
I, [2014-11-29T16:46:40.231983 #11325]  INFO -- : 0:  transifex-ruby-fork-jg (0.1.0) from /home/abhilash/.rvm/gems/ruby-2.1.0/specifications/transifex-ruby-fork-jg-0.1.0.gemspec
I, [2014-11-29T16:46:40.232374 #11325]  INFO -- : 0:  vcard (0.2.12) from /home/abhilash/.rvm/gems/ruby-2.1.0/specifications/vcard-0.2.12.gemspec
I, [2014-11-29T16:46:40.232704 #11325]  INFO -- : 0:  yard (0.8.7.6) from /home/abhilash/.rvm/gems/ruby-2.1.0/specifications/yard-0.8.7.6.gemspec
